<?xml version="1.0" encoding="UTF-8"?>
<coverage generated="1713446128428" clover="3.2.0">
  <project timestamp="1713446128428" name="All files">
    <metrics statements="8" coveredstatements="7" conditionals="14" coveredconditionals="13" methods="1" coveredmethods="1" elements="23" coveredelements="21" complexity="0" loc="8" ncloc="8" packages="1" files="1" classes="1"/>
    <file name="triangleType.js" path="/Users/carlosmaundu/Desktop/Moringa/Mini-Apps/Week-4-assignment/TriangleTracker/src/triangleType.js">
      <metrics statements="8" coveredstatements="7" conditionals="14" coveredconditionals="13" methods="1" coveredmethods="1"/>
      <line num="2" count="3" type="cond" truecount="5" falsecount="0"/>
      <line num="3" count="1" type="stmt"/>
      <line num="5" count="2" type="cond" truecount="4" falsecount="0"/>
      <line num="6" count="1" type="stmt"/>
      <line num="8" count="1" type="cond" truecount="4" falsecount="1"/>
      <line num="9" count="0" type="stmt"/>
      <line num="11" count="1" type="stmt"/>
      <line num="13" count="1" type="stmt"/>
    </file>
  </project>
</coverage>
